SF:lib\data\data_source\kdlwms_db_helper.dart
DA:7,2
DA:9,2
DA:11,6
DA:14,2
DA:17,2
DA:18,4
DA:23,0
DA:26,0
DA:29,0
DA:32,0
DA:33,0
DA:38,2
DA:39,6
DA:41,2
DA:45,0
DA:46,0
DA:48,0
DA:50,0
DA:54,0
DA:55,0
DA:58,0
LF:21
LH:9
end_of_record
SF:lib\domain\model\pallet.g.dart
DA:9,2
DA:10,2
DA:11,0
DA:12,0
DA:13,0
DA:14,0
DA:15,0
DA:16,0
DA:17,0
DA:18,0
DA:20,0
DA:21,0
DA:22,0
DA:23,0
DA:24,0
DA:26,0
DA:27,0
DA:28,0
DA:29,0
DA:31,0
DA:32,0
DA:33,0
DA:34,0
DA:35,0
DA:36,0
DA:39,4
DA:40,2
DA:41,2
DA:42,2
DA:43,2
DA:44,2
DA:45,2
DA:46,2
DA:47,2
DA:48,4
DA:49,2
DA:50,2
DA:51,2
DA:52,4
DA:53,2
DA:54,2
DA:55,4
DA:56,2
DA:57,2
DA:58,4
DA:59,2
DA:60,4
LF:47
LH:24
end_of_record
SF:lib\domain\model\pallet.dart
DA:32,4
LF:1
LH:1
end_of_record
